<?xml version="1.0" encoding="UTF-8"?>
<!-- Generated by org.testng.reporters.JUnitReportReporter -->
<testsuite skipped="0" hostname="user-PC" name="com.crm.qa.tests.companiespagetest" tests="1" failures="0" timestamp="2021-08-28T12:38:52 IST" time="28.232" errors="0">
  <testcase name="verifycompaniespagetest" time="28.232" classname="com.crm.qa.tests.companiespagetest"/>
  <system-out/>
</testsuite> <!-- com.crm.qa.tests.companiespagetest -->
