<?xml version="1.0" encoding="UTF-8"?>
<!-- Generated by org.testng.reporters.JUnitReportReporter -->
<testsuite skipped="0" hostname="user-PC" name="com.crm.qa.tests.loginpagetest" tests="3" failures="0" timestamp="2021-08-22T11:13:43 IST" time="64.196" errors="0">
  <testcase name="loginpagetitletest" time="13.949" classname="com.crm.qa.tests.loginpagetest"/>
  <system-out/>
  <testcase name="crmlogotest" time="12.880" classname="com.crm.qa.tests.loginpagetest"/>
  <system-out/>
  <testcase name="logintest" time="37.367" classname="com.crm.qa.tests.loginpagetest"/>
  <system-out/>
</testsuite> <!-- com.crm.qa.tests.loginpagetest -->
