<?xml version="1.0" encoding="UTF-8"?>
<!-- Generated by org.testng.reporters.JUnitReportReporter -->
<testsuite skipped="0" hostname="user-PC" name="com.crm.qa.tests.contactpagetest" tests="1" failures="0" timestamp="2021-08-28T12:22:21 IST" time="36.554" errors="0">
  <testcase name="clickoncreatecontact" time="36.554" classname="com.crm.qa.tests.contactpagetest"/>
  <system-out/>
</testsuite> <!-- com.crm.qa.tests.contactpagetest -->
